2024-10-25 19:07:08 - INFO - Starting to grab most recent GDELT data...
2024-10-25 19:07:08 - INFO - Setting directories
2024-10-25 19:07:08 - INFO - Starting to grab unique identifer
2024-10-25 19:07:09 - INFO - Got 200 code! Grabbing identifier
2024-10-25 19:07:09 - INFO - Starting to grab unique identifer
2024-10-25 19:07:09 - INFO - Got 200 code! Grabbing identifier
2024-10-25 19:07:10 - INFO - Directories all set
2024-10-25 19:07:10 - INFO - Got a good 200 status code!
2024-10-25 19:07:10 - INFO - Starting download attempt...
2024-10-25 19:07:10 - INFO - Starting to grab unique identifer
2024-10-25 19:07:10 - INFO - Got 200 code! Grabbing identifier
2024-10-25 19:07:10 - INFO - Starting to grab unique identifer
2024-10-25 19:07:11 - INFO - Got 200 code! Grabbing identifier
2024-10-25 19:07:11 - INFO - Starting to grab unique identifer
2024-10-25 19:07:11 - INFO - Got 200 code! Grabbing identifier
2024-10-25 19:07:12 - INFO - Downloading of the data seems complete!
2024-10-25 19:07:12 - INFO - Starting to try to unzip
2024-10-25 19:07:12 - INFO - Starting to grab unique identifer
2024-10-25 19:07:12 - INFO - Got 200 code! Grabbing identifier
2024-10-25 19:07:12 - INFO - Starting to grab unique identifer
2024-10-25 19:07:13 - INFO - Got 200 code! Grabbing identifier
2024-10-25 19:07:13 - INFO - Starting to grab unique identifer
2024-10-25 19:07:13 - INFO - Got 200 code! Grabbing identifier
2024-10-25 19:07:15 - INFO - Compressed data has been grabbed and unzipped.
2024-10-25 19:07:15 - INFO - Starting to get ducky with it.
2024-10-25 19:07:16 - INFO - Parquet successfully saved in temp directory.
2024-10-25 19:07:16 - INFO - Moving and renaming parquet
2024-10-25 19:07:16 - INFO - Starting to grab unique identifer
2024-10-25 19:07:17 - INFO - Got 200 code! Grabbing identifier
2024-10-25 19:07:17 - INFO - Starting to grab unique identifer
2024-10-25 19:07:17 - INFO - Got 200 code! Grabbing identifier
2024-10-25 19:07:17 - INFO - Starting to grab unique identifer
2024-10-25 19:07:17 - INFO - Got 200 code! Grabbing identifier
2024-10-25 19:07:18 - INFO - Starting to grab unique identifer
2024-10-25 19:07:18 - INFO - Got 200 code! Grabbing identifier
2024-10-25 19:07:18 - INFO - Starting to grab unique identifer
2024-10-25 19:07:18 - INFO - Got 200 code! Grabbing identifier
2024-10-25 19:07:19 - INFO - Starting to grab unique identifer
2024-10-25 19:07:19 - INFO - Got 200 code! Grabbing identifier
2024-10-25 19:07:19 - INFO - Parquet file successfully saved in expected Silver dir!
2024-10-25 19:07:19 - INFO - Task took 10sec seconds, and is now complete.
2024-10-25 19:27:50 - INFO - Starting to grab most recent GDELT data...
2024-10-25 19:27:50 - INFO - Setting directories
2024-10-25 19:27:53 - INFO - Directories all set
2024-10-25 19:27:53 - INFO - Got a good 200 status code!
2024-10-25 19:27:53 - INFO - Starting download attempt...
2024-10-25 19:27:57 - INFO - Downloading of the data seems complete!
2024-10-25 19:27:57 - INFO - Starting to try to unzip
2024-10-25 19:28:01 - INFO - Compressed data has been grabbed and unzipped.
2024-10-25 19:28:01 - INFO - Starting to get ducky with it.
2024-10-25 19:28:01 - INFO - Data appears to have been successfully saved in temp loc, validating...
2024-10-25 19:28:01 - INFO - Parquet successfully saved in temp directory.
2024-10-25 19:28:01 - INFO - Moving and renaming parquet
2024-10-25 19:28:06 - INFO - Parquet file successfully saved in expected Silver dir!
2024-10-25 19:28:06 - INFO - Task took 16sec seconds, and is now complete.
